[29Mar2025 00:00:45.295] [Server thread/INFO] [net.minecraft.server.MinecraftServer/]: <Santix15> Gonci
[29Mar2025 00:00:53.609] [Server thread/INFO] [net.minecraft.server.MinecraftServer/]: <Santix15> c칩digo azul
[29Mar2025 00:01:07.670] [Server thread/INFO] [net.minecraft.server.MinecraftServer/]: <lobo3224> Cual es ese
[29Mar2025 00:01:29.691] [Server thread/INFO] [net.minecraft.server.MinecraftServer/]: <Santix15> el lanza hielos+
[29Mar2025 00:01:37.685] [Server thread/INFO] [net.minecraft.server.MinecraftServer/]: <lobo3224> suerte
[29Mar2025 00:01:42.306] [Server thread/INFO] [net.minecraft.server.MinecraftServer/]: <lobo3224> tu puedes
[29Mar2025 00:01:53.072] [Server thread/INFO] [net.minecraft.server.MinecraftServer/]: <Santix15> y vos que te pas칩
[29Mar2025 00:02:06.936] [Server thread/INFO] [net.minecraft.server.MinecraftServer/]: <lobo3224> estoy intentando algo
[29Mar2025 00:02:26.192] [Server thread/INFO] [net.minecraft.server.MinecraftServer/]: <Santix15> pues si te mat칩 dinnerbone
[29Mar2025 00:02:42.172] [Server thread/INFO] [net.minecraft.server.MinecraftServer/]: <Santix15> nose que ser치 eso
[29Mar2025 00:03:58.731] [Server thread/INFO] [net.minecraft.server.MinecraftServer/]: <lobo3224> donde estas
[29Mar2025 00:04:27.987] [Server thread/INFO] [net.minecraft.server.MinecraftServer/]: <Santix15> en la aldea vecinaa
[29Mar2025 00:05:47.566] [Server thread/WARN] [net.minecraft.server.network.ServerGamePacketListenerImpl/]: Boat (vehicle of Santix15) moved wrongly! 0.6221039517710878
[29Mar2025 00:29:26.459] [Server thread/INFO] [net.minecraft.server.MinecraftServer/]: <lobo3224> lito
[29Mar2025 00:29:44.205] [Server thread/INFO] [net.minecraft.server.MinecraftServer/]: <Santix15> EL PELADO DE MIEDA
[29Mar2025 00:29:58.025] [Server thread/INFO] [net.minecraft.server.MinecraftServer/]: <Santix15> se agarro de no se que mierda
[29Mar2025 00:30:56.918] [Server thread/INFO] [net.minecraft.server.MinecraftServer/]: [lobo3224: Set own game mode to Creative Mode]
[29Mar2025 00:31:13.668] [Server thread/INFO] [net.minecraft.world.entity.npc.Villager/]: Villager Villager['Mason'/29082, l='ServerLevel[world]', x=-1934.51, y=65.56, z=-167.30] died, message: 'Mason was slain by lobo3224'
[29Mar2025 00:31:32.550] [Server thread/INFO] [net.minecraft.server.MinecraftServer/]: [lobo3224: Set own game mode to Survival Mode]
[29Mar2025 00:42:32.527] [Server thread/INFO] [net.blay09.mods.netherportalfix.NetherPortalFix/]: No return portal found
[29Mar2025 00:44:28.964] [Server thread/INFO] [net.minecraft.world.entity.LivingEntity/]: Named entity Pillager['dinnerbone'/34945, l='ServerLevel[world]', x=-1800.08, y=61.97, z=-189.03] died: dinnerbone was slain by Iron Golem
[29Mar2025 00:46:46.265] [Server thread/INFO] [net.minecraft.server.MinecraftServer/]: lobo3224 has made the advancement [Hot Stuff]
[29Mar2025 01:00:19.768] [Server thread/INFO] [net.minecraft.server.network.ServerGamePacketListenerImpl/]: Santix15 lost connection: Disconnected
[29Mar2025 01:00:19.768] [Server thread/INFO] [net.minecraft.server.MinecraftServer/]: Santix15 left the game
[29Mar2025 01:00:19.769] [Server thread/INFO] [voicechat/]: [voicechat] Disconnecting client Santix15
[29Mar2025 01:11:28.867] [Server thread/INFO] [net.minecraft.server.MinecraftServer/]: lobo3224 was shot by Skeleton
[29Mar2025 01:11:37.919] [Server thread/INFO] [net.minecraft.server.MinecraftServer/]: [lobo3224: Set own game mode to Spectator Mode]
[29Mar2025 01:11:42.367] [Server thread/INFO] [net.minecraft.server.MinecraftServer/]: [lobo3224: Set own game mode to Creative Mode]
[29Mar2025 01:11:44.454] [Server thread/INFO] [net.minecraft.server.MinecraftServer/]: [lobo3224: Teleported lobo3224 to -1755.500000, -9.500000, -374.500000]
[29Mar2025 01:11:51.382] [Server thread/INFO] [net.minecraft.server.MinecraftServer/]: [lobo3224: Set own game mode to Spectator Mode]
[29Mar2025 01:12:08.527] [Server thread/INFO] [net.minecraft.server.MinecraftServer/]: [lobo3224: Teleported lobo3224 to -1837.500000, 69.500000, -149.500000]
[29Mar2025 01:12:22.796] [Server thread/INFO] [net.minecraft.server.MinecraftServer/]: [lobo3224: Set own game mode to Survival Mode]
[29Mar2025 01:17:22.317] [Server thread/INFO] [net.minecraft.server.network.ServerGamePacketListenerImpl/]: lobo3224 lost connection: Disconnected
[29Mar2025 01:17:22.318] [Server thread/INFO] [net.minecraft.server.MinecraftServer/]: lobo3224 left the game
[29Mar2025 01:17:22.318] [Server thread/INFO] [voicechat/]: [voicechat] Disconnecting client lobo3224
[29Mar2025 01:17:32.362] [Server thread/INFO] [net.minecraft.server.MinecraftServer/]: Stopping the server
[29Mar2025 01:17:32.418] [Server thread/INFO] [net.minecraft.server.MinecraftServer/]: Stopping server
[29Mar2025 01:17:32.419] [Server thread/INFO] [net.minecraft.server.MinecraftServer/]: Saving players
[29Mar2025 01:17:32.419] [Server thread/INFO] [net.minecraft.server.MinecraftServer/]: Saving worlds
[29Mar2025 01:17:32.445] [Server thread/INFO] [net.minecraft.server.MinecraftServer/]: Saving chunks for level 'ServerLevel[world]'/minecraft:overworld
[29Mar2025 01:17:32.535] [Server thread/INFO] [net.minecraft.server.MinecraftServer/]: Saving chunks for level 'ServerLevel[world]'/minecraft:the_end
[29Mar2025 01:17:32.536] [Server thread/INFO] [net.minecraft.server.MinecraftServer/]: Saving chunks for level 'ServerLevel[world]'/minecraft:the_nether
[29Mar2025 01:17:32.549] [Server thread/INFO] [net.minecraft.server.MinecraftServer/]: ThreadedAnvilChunkStorage (world): All chunks are saved
[29Mar2025 01:17:32.549] [Server thread/INFO] [net.minecraft.server.MinecraftServer/]: ThreadedAnvilChunkStorage (DIM1): All chunks are saved
[29Mar2025 01:17:32.549] [Server thread/INFO] [net.minecraft.server.MinecraftServer/]: ThreadedAnvilChunkStorage (DIM-1): All chunks are saved
[29Mar2025 01:17:32.549] [Server thread/INFO] [net.minecraft.server.MinecraftServer/]: ThreadedAnvilChunkStorage: All dimensions are saved
[29Mar2025 01:17:32.551] [Server thread/INFO] [com.yellowbrossproductions.illageandspillage.IllageAndSpillage/]: Removed entity.illageandspillage.boss_randomizer from Raids to prevent a post-mod-removal crash
[29Mar2025 01:17:32.551] [Server thread/INFO] [com.yellowbrossproductions.illageandspillage.IllageAndSpillage/]: Removed entity.illageandspillage.igniter from Raids to prevent a post-mod-removal crash
[29Mar2025 01:17:32.551] [Server thread/INFO] [com.yellowbrossproductions.illageandspillage.IllageAndSpillage/]: Removed entity.illageandspillage.engineer from Raids to prevent a post-mod-removal crash
[29Mar2025 01:17:32.551] [Server thread/INFO] [com.yellowbrossproductions.illageandspillage.IllageAndSpillage/]: Removed entity.illageandspillage.twittollager from Raids to prevent a post-mod-removal crash
[29Mar2025 01:17:32.551] [Server thread/INFO] [com.yellowbrossproductions.illageandspillage.IllageAndSpillage/]: Removed entity.illageandspillage.magispeller from Raids to prevent a post-mod-removal crash
[29Mar2025 01:17:32.552] [Server thread/INFO] [com.yellowbrossproductions.illageandspillage.IllageAndSpillage/]: Removed entity.illageandspillage.spiritcaller from Raids to prevent a post-mod-removal crash
[29Mar2025 01:17:32.552] [Server thread/INFO] [com.yellowbrossproductions.illageandspillage.IllageAndSpillage/]: Removed entity.illageandspillage.crocofang from Raids to prevent a post-mod-removal crash
[29Mar2025 01:17:32.552] [Server thread/INFO] [com.yellowbrossproductions.illageandspillage.IllageAndSpillage/]: Removed entity.illageandspillage.absorber from Raids to prevent a post-mod-removal crash
[29Mar2025 01:17:32.552] [Server thread/INFO] [com.yellowbrossproductions.illageandspillage.IllageAndSpillage/]: Removed entity.illageandspillage.preserver from Raids to prevent a post-mod-removal crash
[29Mar2025 01:17:32.552] [Server thread/INFO] [com.yellowbrossproductions.illageandspillage.IllageAndSpillage/]: Removed entity.illageandspillage.freakager from Raids to prevent a post-mod-removal crash
[29Mar2025 01:17:32.552] [Server thread/INFO] [com.yellowbrossproductions.illageandspillage.IllageAndSpillage/]: Removed entity.illageandspillage.old_freakager from Raids to prevent a post-mod-removal crash
[29Mar2025 01:17:32.552] [Server thread/INFO] [com.yellowbrossproductions.illageandspillage.IllageAndSpillage/]: Removed entity.illageandspillage.old_magispeller from Raids to prevent a post-mod-removal crash
[29Mar2025 01:17:32.566] [Server thread/INFO] [com.yellowbrossproductions.illageandspillage.IllageAndSpillage/]: Removed entity.illageandspillage.boss_randomizer from Raids to prevent a post-mod-removal crash
[29Mar2025 01:17:32.566] [Server thread/INFO] [com.yellowbrossproductions.illageandspillage.IllageAndSpillage/]: Removed entity.illageandspillage.igniter from Raids to prevent a post-mod-removal crash
[29Mar2025 01:17:32.567] [Server thread/INFO] [com.yellowbrossproductions.illageandspillage.IllageAndSpillage/]: Removed entity.illageandspillage.engineer from Raids to prevent a post-mod-removal crash
[29Mar2025 01:17:32.567] [Server thread/INFO] [com.yellowbrossproductions.illageandspillage.IllageAndSpillage/]: Removed entity.illageandspillage.twittollager from Raids to prevent a post-mod-removal crash
[29Mar2025 01:17:32.567] [Server thread/INFO] [com.yellowbrossproductions.illageandspillage.IllageAndSpillage/]: Removed entity.illageandspillage.magispeller from Raids to prevent a post-mod-removal crash
[29Mar2025 01:17:32.567] [Server thread/INFO] [com.yellowbrossproductions.illageandspillage.IllageAndSpillage/]: Removed entity.illageandspillage.spiritcaller from Raids to prevent a post-mod-removal crash
[29Mar2025 01:17:32.567] [Server thread/INFO] [com.yellowbrossproductions.illageandspillage.IllageAndSpillage/]: Removed entity.illageandspillage.crocofang from Raids to prevent a post-mod-removal crash
[29Mar2025 01:17:32.567] [Server thread/INFO] [com.yellowbrossproductions.illageandspillage.IllageAndSpillage/]: Removed entity.illageandspillage.absorber from Raids to prevent a post-mod-removal crash
[29Mar2025 01:17:32.567] [Server thread/INFO] [com.yellowbrossproductions.illageandspillage.IllageAndSpillage/]: Removed entity.illageandspillage.preserver from Raids to prevent a post-mod-removal crash
[29Mar2025 01:17:32.567] [Server thread/INFO] [com.yellowbrossproductions.illageandspillage.IllageAndSpillage/]: Removed entity.illageandspillage.freakager from Raids to prevent a post-mod-removal crash
[29Mar2025 01:17:32.567] [Server thread/INFO] [com.yellowbrossproductions.illageandspillage.IllageAndSpillage/]: Removed entity.illageandspillage.old_freakager from Raids to prevent a post-mod-removal crash
[29Mar2025 01:17:32.568] [Server thread/INFO] [com.yellowbrossproductions.illageandspillage.IllageAndSpillage/]: Removed entity.illageandspillage.old_magispeller from Raids to prevent a post-mod-removal crash
[29Mar2025 01:17:32.568] [Server thread/INFO] [com.yellowbrossproductions.illageandspillage.IllageAndSpillage/]: Removed entity.illageandspillage.boss_randomizer from Raids to prevent a post-mod-removal crash
[29Mar2025 01:17:32.568] [Server thread/INFO] [com.yellowbrossproductions.illageandspillage.IllageAndSpillage/]: Removed entity.illageandspillage.igniter from Raids to prevent a post-mod-removal crash
[29Mar2025 01:17:32.568] [Server thread/INFO] [com.yellowbrossproductions.illageandspillage.IllageAndSpillage/]: Removed entity.illageandspillage.engineer from Raids to prevent a post-mod-removal crash
[29Mar2025 01:17:32.569] [Server thread/INFO] [com.yellowbrossproductions.illageandspillage.IllageAndSpillage/]: Removed entity.illageandspillage.twittollager from Raids to prevent a post-mod-removal crash
[29Mar2025 01:17:32.569] [Server thread/INFO] [com.yellowbrossproductions.illageandspillage.IllageAndSpillage/]: Removed entity.illageandspillage.magispeller from Raids to prevent a post-mod-removal crash
[29Mar2025 01:17:32.569] [Server thread/INFO] [com.yellowbrossproductions.illageandspillage.IllageAndSpillage/]: Removed entity.illageandspillage.spiritcaller from Raids to prevent a post-mod-removal crash
[29Mar2025 01:17:32.569] [Server thread/INFO] [com.yellowbrossproductions.illageandspillage.IllageAndSpillage/]: Removed entity.illageandspillage.crocofang from Raids to prevent a post-mod-removal crash
[29Mar2025 01:17:32.569] [Server thread/INFO] [com.yellowbrossproductions.illageandspillage.IllageAndSpillage/]: Removed entity.illageandspillage.absorber from Raids to prevent a post-mod-removal crash
[29Mar2025 01:17:32.569] [Server thread/INFO] [com.yellowbrossproductions.illageandspillage.IllageAndSpillage/]: Removed entity.illageandspillage.preserver from Raids to prevent a post-mod-removal crash
[29Mar2025 01:17:32.569] [Server thread/INFO] [com.yellowbrossproductions.illageandspillage.IllageAndSpillage/]: Removed entity.illageandspillage.freakager from Raids to prevent a post-mod-removal crash
[29Mar2025 01:17:32.569] [Server thread/INFO] [com.yellowbrossproductions.illageandspillage.IllageAndSpillage/]: Removed entity.illageandspillage.old_freakager from Raids to prevent a post-mod-removal crash
[29Mar2025 01:17:32.569] [Server thread/INFO] [com.yellowbrossproductions.illageandspillage.IllageAndSpillage/]: Removed entity.illageandspillage.old_magispeller from Raids to prevent a post-mod-removal crash
